<?xml version="1.0" encoding="UTF-8" ?>
<testsuite tests="34" failures="0" name="trabalho.TesteSuite" time="1.35" errors="0" skipped="0">
  <properties>
[...]
</properties>
  <testcase classname="trabalho.OrderItemTeste" name="atualizarOrderItem" time="0.222"/>
  <testcase classname="trabalho.OrderItemTeste" name="removerOrderItem" time="0.017"/>
  <testcase classname="trabalho.OrderItemTeste" name="persistirOrderItem" time="0.129"/>
  <testcase classname="trabalho.OrderItemTeste" name="consultarOrderItem" time="0.002"/>
  <testcase classname="trabalho.PaymentTeste" name="persistirPayment" time="0.023"/>
  <testcase classname="trabalho.PaymentTeste" name="consultarPayment" time="0"/>
  <testcase classname="trabalho.PaymentTeste" name="removerPayment" time="0.017"/>
  <testcase classname="trabalho.PaymentTeste" name="atualizarPayment" time="0.08"/>
  <testcase classname="trabalho.OrderTeste" name="persistirOrder" time="0.024"/>
  <testcase classname="trabalho.OrderTeste" name="atualizarOrder" time="0.042"/>
  <testcase classname="trabalho.OrderTeste" name="removerOrder" time="0.006"/>
  <testcase classname="trabalho.OrderTeste" name="consultarOrder" time="0.024"/>
  <testcase classname="trabalho.CategoryTeste" name="persistirCategoria" time="0.03"/>
  <testcase classname="trabalho.CategoryTeste" name="consultarCategoria" time="0.001"/>
  <testcase classname="trabalho.CategoryTeste" name="atualizarCategoria" time="0.006"/>
  <testcase classname="trabalho.CategoryTeste" name="removerCategoria" time="0.006"/>
  <testcase classname="trabalho.ClientTeste" name="persistirClient" time="0.01"/>
  <testcase classname="trabalho.ClientTeste" name="removerClient" time="0.053"/>
  <testcase classname="trabalho.ClientTeste" name="consultarClient" time="0.005"/>
  <testcase classname="trabalho.ClientTeste" name="atualizarUsuario" time="0.097"/>
  <testcase classname="trabalho.ProductTeste" name="persistirProduto" time="0.017"/>
  <testcase classname="trabalho.ProductTeste" name="consultarProduto" time="0"/>
  <testcase classname="trabalho.ProductTeste" name="removerProduto" time="0.01"/>
  <testcase classname="trabalho.ProductTeste" name="atualizarProduto" time="0.02"/>
  <testcase classname="trabalho.JpqlTeste" name="categoriaPorNomeNamedQuery" time="0.008"/>
  <testcase classname="trabalho.JpqlTeste" name="categoriaPorNome" time="0.007"/>
  <testcase classname="trabalho.JpqlTeste" name="produtosCategoriaLeftJoin" time="0.021"/>
  <testcase classname="trabalho.JpqlTeste" name="ordenacaoProdutoNome" time="0.007"/>
  <testcase classname="trabalho.JpqlTeste" name="itemPedidoPrecoMaxMin" time="0.007"/>
  <testcase classname="trabalho.JpqlTeste" name="itemPedidoQtdMaiorQueUm" time="0.459"/>
  <testcase classname="trabalho.JpqlTeste" name="pedidoPorData" time="0"/>
  <testcase classname="trabalho.JpqlTeste" name="ordenacaoProdutoCategoria" time="0"/>
  <testcase classname="trabalho.JpqlTeste" name="pagamentoOrdenadoDesc" time="0"/>
  <testcase classname="trabalho.JpqlTeste" name="pedidoPAID" time="0"/>
</testsuite>