<?xml version="1.0" encoding="UTF-8" ?>
<testsuite tests="2" failures="0" name="trabalho.UserTeste" time="0.063" errors="2" skipped="0">
  <properties>
[...]
</properties>
  <testcase classname="trabalho.UserTeste" name="persistirUsuario" time="0.047">
    <error message="Exception [EclipseLink-4002] (Eclipse Persistence Services - 2.7.8.v20201217-ecdf3c32c4): org.eclipse.persistence.exceptions.DatabaseException
Internal Exception: java.sql.SQLDataException: Foi encontrado um erro de truncamento ao tentar reduzir VARCHAR &apos;User&apos; para o comprimento 1.
Error Code: 20000
Call: INSERT INTO TB_USER (EMAIL, NAME, PASSWORD, PHONE, TYPE_USER) VALUES (?, ?, ?, ?, ?)
	bind =&gt; [leo@gmail.com, Leonardo Luiz, 123965, 963258, User]
Query: InsertObjectQuery(entities.User@1f)" type="javax.persistence.PersistenceException">javax.persistence.PersistenceException: Exception [EclipseLink-4002] (Eclipse Persistence Services - 2.7.8.v20201217-ecdf3c32c4): org.eclipse.persistence.exceptions.DatabaseException
Internal Exception: java.sql.SQLDataException: Foi encontrado um erro de truncamento ao tentar reduzir VARCHAR &apos;User&apos; para o comprimento 1.
Error Code: 20000
Call: INSERT INTO TB_USER (EMAIL, NAME, PASSWORD, PHONE, TYPE_USER) VALUES (?, ?, ?, ?, ?)
	bind =&gt; [leo@gmail.com, Leonardo Luiz, 123965, 963258, User]
Query: InsertObjectQuery(entities.User@1f)
	at org.eclipse.persistence.internal.jpa.EntityManagerImpl.flush(EntityManagerImpl.java:980)
	at trabalho.UserTeste.persistirUsuario(UserTeste.java:27)
	at java.base/jdk.internal.reflect.NativeMethodAccessorImpl.invoke0(Native Method)
	at java.base/jdk.internal.reflect.NativeMethodAccessorImpl.invoke(NativeMethodAccessorImpl.java:62)
	at java.base/jdk.internal.reflect.DelegatingMethodAccessorImpl.invoke(DelegatingMethodAccessorImpl.java:43)
	at java.base/java.lang.reflect.Method.invoke(Method.java:566)
	at org.junit.runners.model.FrameworkMethod$1.runReflectiveCall(FrameworkMethod.java:59)
	at org.junit.internal.runners.model.ReflectiveCallable.run(ReflectiveCallable.java:12)
	at org.junit.runners.model.FrameworkMethod.invokeExplosively(FrameworkMethod.java:56)
	at org.junit.internal.runners.statements.InvokeMethod.evaluate(InvokeMethod.java:17)
	at org.junit.internal.runners.statements.RunBefores.evaluate(RunBefores.java:26)
	at org.junit.internal.runners.statements.RunAfters.evaluate(RunAfters.java:27)
	at org.junit.runners.ParentRunner$3.evaluate(ParentRunner.java:306)
	at org.junit.runners.BlockJUnit4ClassRunner$1.evaluate(BlockJUnit4ClassRunner.java:100)
	at org.junit.runners.ParentRunner.runLeaf(ParentRunner.java:366)
	at org.junit.runners.BlockJUnit4ClassRunner.runChild(BlockJUnit4ClassRunner.java:103)
	at org.junit.runners.BlockJUnit4ClassRunner.runChild(BlockJUnit4ClassRunner.java:63)
	at org.junit.runners.ParentRunner$4.run(ParentRunner.java:331)
	at org.junit.runners.ParentRunner$1.schedule(ParentRunner.java:79)
	at org.junit.runners.ParentRunner.runChildren(ParentRunner.java:329)
	at org.junit.runners.ParentRunner.access$100(ParentRunner.java:66)
	at org.junit.runners.ParentRunner$2.evaluate(ParentRunner.java:293)
	at org.junit.internal.runners.statements.RunBefores.evaluate(RunBefores.java:26)
	at org.junit.internal.runners.statements.RunAfters.evaluate(RunAfters.java:27)
	at org.junit.runners.ParentRunner$3.evaluate(ParentRunner.java:306)
	at org.junit.runners.ParentRunner.run(ParentRunner.java:413)
	at org.apache.maven.surefire.junit4.JUnit4Provider.execute(JUnit4Provider.java:252)
	at org.apache.maven.surefire.junit4.JUnit4Provider.executeTestSet(JUnit4Provider.java:141)
	at org.apache.maven.surefire.junit4.JUnit4Provider.invoke(JUnit4Provider.java:112)
	at java.base/jdk.internal.reflect.NativeMethodAccessorImpl.invoke0(Native Method)
	at java.base/jdk.internal.reflect.NativeMethodAccessorImpl.invoke(NativeMethodAccessorImpl.java:62)
	at java.base/jdk.internal.reflect.DelegatingMethodAccessorImpl.invoke(DelegatingMethodAccessorImpl.java:43)
	at java.base/java.lang.reflect.Method.invoke(Method.java:566)
	at org.apache.maven.surefire.util.ReflectionUtils.invokeMethodWithArray(ReflectionUtils.java:189)
	at org.apache.maven.surefire.booter.ProviderFactory$ProviderProxy.invoke(ProviderFactory.java:165)
	at org.apache.maven.surefire.booter.ProviderFactory.invokeProvider(ProviderFactory.java:85)
	at org.apache.maven.surefire.booter.ForkedBooter.runSuitesInProcess(ForkedBooter.java:115)
	at org.apache.maven.surefire.booter.ForkedBooter.main(ForkedBooter.java:75)
Caused by: Exception [EclipseLink-4002] (Eclipse Persistence Services - 2.7.8.v20201217-ecdf3c32c4): org.eclipse.persistence.exceptions.DatabaseException
Internal Exception: java.sql.SQLDataException: Foi encontrado um erro de truncamento ao tentar reduzir VARCHAR &apos;User&apos; para o comprimento 1.
Error Code: 20000
Call: INSERT INTO TB_USER (EMAIL, NAME, PASSWORD, PHONE, TYPE_USER) VALUES (?, ?, ?, ?, ?)
	bind =&gt; [leo@gmail.com, Leonardo Luiz, 123965, 963258, User]
Query: InsertObjectQuery(entities.User@1f)
	at org.eclipse.persistence.exceptions.DatabaseException.sqlException(DatabaseException.java:333)
	at org.eclipse.persistence.internal.databaseaccess.DatabaseAccessor.executeDirectNoSelect(DatabaseAccessor.java:908)
	at org.eclipse.persistence.internal.databaseaccess.DatabaseAccessor.executeNoSelect(DatabaseAccessor.java:970)
	at org.eclipse.persistence.internal.databaseaccess.DatabaseAccessor.basicExecuteCall(DatabaseAccessor.java:640)
	at org.eclipse.persistence.internal.databaseaccess.DatabaseAccessor.executeCall(DatabaseAccessor.java:567)
	at org.eclipse.persistence.internal.sessions.AbstractSession.basicExecuteCall(AbstractSession.java:2099)
	at org.eclipse.persistence.sessions.server.ClientSession.executeCall(ClientSession.java:313)
	at org.eclipse.persistence.internal.queries.DatasourceCallQueryMechanism.executeCall(DatasourceCallQueryMechanism.java:277)
	at org.eclipse.persistence.internal.queries.DatasourceCallQueryMechanism.executeCall(DatasourceCallQueryMechanism.java:263)
	at org.eclipse.persistence.internal.queries.DatasourceCallQueryMechanism.insertObject(DatasourceCallQueryMechanism.java:413)
	at org.eclipse.persistence.internal.queries.StatementQueryMechanism.insertObject(StatementQueryMechanism.java:167)
	at org.eclipse.persistence.internal.queries.StatementQueryMechanism.insertObject(StatementQueryMechanism.java:182)
	at org.eclipse.persistence.internal.queries.DatabaseQueryMechanism.insertObjectForWrite(DatabaseQueryMechanism.java:504)
	at org.eclipse.persistence.queries.InsertObjectQuery.executeCommit(InsertObjectQuery.java:82)
	at org.eclipse.persistence.queries.InsertObjectQuery.executeCommitWithChangeSet(InsertObjectQuery.java:92)
	at org.eclipse.persistence.internal.queries.DatabaseQueryMechanism.executeWriteWithChangeSet(DatabaseQueryMechanism.java:316)
	at org.eclipse.persistence.queries.WriteObjectQuery.executeDatabaseQuery(WriteObjectQuery.java:60)
	at org.eclipse.persistence.queries.DatabaseQuery.execute(DatabaseQuery.java:911)
	at org.eclipse.persistence.queries.DatabaseQuery.executeInUnitOfWork(DatabaseQuery.java:810)
	at org.eclipse.persistence.queries.ObjectLevelModifyQuery.executeInUnitOfWorkObjectLevelModifyQuery(ObjectLevelModifyQuery.java:110)
	at org.eclipse.persistence.queries.ObjectLevelModifyQuery.executeInUnitOfWork(ObjectLevelModifyQuery.java:87)
	at org.eclipse.persistence.internal.sessions.UnitOfWorkImpl.internalExecuteQuery(UnitOfWorkImpl.java:2983)
	at org.eclipse.persistence.internal.sessions.AbstractSession.executeQuery(AbstractSession.java:1898)
	at org.eclipse.persistence.internal.sessions.AbstractSession.executeQuery(AbstractSession.java:1880)
	at org.eclipse.persistence.internal.sessions.AbstractSession.executeQuery(AbstractSession.java:1830)
	at org.eclipse.persistence.internal.sessions.CommitManager.commitNewObjectsForClassWithChangeSet(CommitManager.java:229)
	at org.eclipse.persistence.internal.sessions.CommitManager.commitAllObjectsWithChangeSet(CommitManager.java:128)
	at org.eclipse.persistence.internal.sessions.AbstractSession.writeAllObjectsWithChangeSet(AbstractSession.java:4398)
	at org.eclipse.persistence.internal.sessions.UnitOfWorkImpl.commitToDatabase(UnitOfWorkImpl.java:1495)
	at org.eclipse.persistence.internal.sessions.UnitOfWorkImpl.commitToDatabaseWithPreBuiltChangeSet(UnitOfWorkImpl.java:1641)
	at org.eclipse.persistence.internal.sessions.RepeatableWriteUnitOfWork.writeChanges(RepeatableWriteUnitOfWork.java:457)
	at org.eclipse.persistence.internal.jpa.EntityManagerImpl.flush(EntityManagerImpl.java:975)
	... 37 more
Caused by: java.sql.SQLDataException: Foi encontrado um erro de truncamento ao tentar reduzir VARCHAR &apos;User&apos; para o comprimento 1.
	at org.apache.derby.client.am.SQLExceptionFactory.getSQLException(Unknown Source)
	at org.apache.derby.client.am.SqlException.getSQLException(Unknown Source)
	at org.apache.derby.client.am.ClientPreparedStatement.executeUpdate(Unknown Source)
	at org.eclipse.persistence.internal.databaseaccess.DatabaseAccessor.executeDirectNoSelect(DatabaseAccessor.java:898)
	... 67 more
Caused by: ERROR 22001: Foi encontrado um erro de truncamento ao tentar reduzir VARCHAR &apos;User&apos; para o comprimento 1.
	at org.apache.derby.client.am.ClientStatement.completeExecute(Unknown Source)
	at org.apache.derby.client.net.NetStatementReply.parseEXCSQLSTTreply(Unknown Source)
	at org.apache.derby.client.net.NetStatementReply.readExecute(Unknown Source)
	at org.apache.derby.client.net.StatementReply.readExecute(Unknown Source)
	at org.apache.derby.client.net.NetPreparedStatement.readExecute_(Unknown Source)
	at org.apache.derby.client.am.ClientPreparedStatement.readExecute(Unknown Source)
	at org.apache.derby.client.am.ClientPreparedStatement.flowExecute(Unknown Source)
	at org.apache.derby.client.am.ClientPreparedStatement.executeUpdateX(Unknown Source)
	... 69 more
</error>
    <system-out>[EL Fine]: server: 2021-02-24 09:43:33.073--Thread(Thread[main,5,main])--Configured server platform: org.eclipse.persistence.platform.server.NoServerPlatform
[EL Config]: metadata: 2021-02-24 09:43:33.23--ServerSession(2108763062)--Thread(Thread[main,5,main])--The access type for the persistent class [class entities.Order] is set to [FIELD].
[EL Config]: metadata: 2021-02-24 09:43:33.245--ServerSession(2108763062)--Thread(Thread[main,5,main])--The target entity (reference) class for the many to one mapping element [field client] is being defaulted to: class entities.Client.
[EL Config]: metadata: 2021-02-24 09:43:33.245--ServerSession(2108763062)--Thread(Thread[main,5,main])--The target entity (reference) class for the one to one mapping element [field payment] is being defaulted to: class entities.Payment.
[EL Config]: metadata: 2021-02-24 09:43:33.245--ServerSession(2108763062)--Thread(Thread[main,5,main])--The target entity (reference) class for the one to many mapping element [field items] is being defaulted to: class entities.OrderItem.
[EL Config]: metadata: 2021-02-24 09:43:33.245--ServerSession(2108763062)--Thread(Thread[main,5,main])--The access type for the persistent class [class entities.Product] is set to [FIELD].
[EL Config]: metadata: 2021-02-24 09:43:33.245--ServerSession(2108763062)--Thread(Thread[main,5,main])--The target entity (reference) class for the many to many mapping element [field categories] is being defaulted to: class entities.Category.
[EL Config]: metadata: 2021-02-24 09:43:33.245--ServerSession(2108763062)--Thread(Thread[main,5,main])--The target entity (reference) class for the one to many mapping element [field items] is being defaulted to: class entities.OrderItem.
[EL Config]: metadata: 2021-02-24 09:43:33.245--ServerSession(2108763062)--Thread(Thread[main,5,main])--The access type for the persistent class [class entities.Payment] is set to [FIELD].
[EL Config]: metadata: 2021-02-24 09:43:33.245--ServerSession(2108763062)--Thread(Thread[main,5,main])--The target entity (reference) class for the one to one mapping element [field order] is being defaulted to: class entities.Order.
[EL Config]: metadata: 2021-02-24 09:43:33.245--ServerSession(2108763062)--Thread(Thread[main,5,main])--The access type for the persistent class [class entities.Category] is set to [FIELD].
[EL Config]: metadata: 2021-02-24 09:43:33.245--ServerSession(2108763062)--Thread(Thread[main,5,main])--The access type for the persistent class [class entities.OrderItem] is set to [FIELD].
[EL Config]: metadata: 2021-02-24 09:43:33.245--ServerSession(2108763062)--Thread(Thread[main,5,main])--The access type for the persistent class [class entities.Client] is set to [FIELD].
[EL Config]: metadata: 2021-02-24 09:43:33.245--ServerSession(2108763062)--Thread(Thread[main,5,main])--The target entity (reference) class for the one to many mapping element [field orders] is being defaulted to: class entities.Order.
[EL Config]: metadata: 2021-02-24 09:43:33.245--ServerSession(2108763062)--Thread(Thread[main,5,main])--The access type for the persistent class [class entities.pk.OrderItemPK] is set to [FIELD].
[EL Config]: metadata: 2021-02-24 09:43:33.245--ServerSession(2108763062)--Thread(Thread[main,5,main])--The target entity (reference) class for the many to one mapping element [field product] is being defaulted to: class entities.Product.
[EL Config]: metadata: 2021-02-24 09:43:33.261--ServerSession(2108763062)--Thread(Thread[main,5,main])--The target entity (reference) class for the many to one mapping element [field order] is being defaulted to: class entities.Order.
[EL Config]: metadata: 2021-02-24 09:43:33.261--ServerSession(2108763062)--Thread(Thread[main,5,main])--The alias name for the entity class [class entities.User] is being defaulted to: User.
[EL Config]: metadata: 2021-02-24 09:43:33.277--ServerSession(2108763062)--Thread(Thread[main,5,main])--The alias name for the entity class [class entities.Order] is being defaulted to: Order.
[EL Config]: metadata: 2021-02-24 09:43:33.277--ServerSession(2108763062)--Thread(Thread[main,5,main])--The alias name for the entity class [class entities.Product] is being defaulted to: Product.
[EL Config]: metadata: 2021-02-24 09:43:33.277--ServerSession(2108763062)--Thread(Thread[main,5,main])--The alias name for the entity class [class entities.Payment] is being defaulted to: Payment.
[EL Config]: metadata: 2021-02-24 09:43:33.277--ServerSession(2108763062)--Thread(Thread[main,5,main])--The column name for element [id] is being defaulted to: ID.
[EL Config]: metadata: 2021-02-24 09:43:33.277--ServerSession(2108763062)--Thread(Thread[main,5,main])--The alias name for the entity class [class entities.Category] is being defaulted to: Category.
[EL Config]: metadata: 2021-02-24 09:43:33.277--ServerSession(2108763062)--Thread(Thread[main,5,main])--The alias name for the entity class [class entities.OrderItem] is being defaulted to: OrderItem.
[EL Config]: metadata: 2021-02-24 09:43:33.277--ServerSession(2108763062)--Thread(Thread[main,5,main])--The alias name for the entity class [class entities.Client] is being defaulted to: Client.
[EL Warning]: metadata: 2021-02-24 09:43:33.277--ServerSession(2108763062)--Thread(Thread[main,5,main])--The reference column name [ID_USER] mapped on the element [class entities.Client] does not correspond to a valid id or basic field/column on the mapping reference. Will use referenced column name as provided.
[EL Config]: metadata: 2021-02-24 09:43:33.292--ServerSession(2108763062)--Thread(Thread[main,5,main])--The primary key column name for the mapping element [field client] is being defaulted to: ID.
[EL Config]: metadata: 2021-02-24 09:43:33.292--ServerSession(2108763062)--Thread(Thread[main,5,main])--The primary key column name for the mapping element [field payment] is being defaulted to: ID.
[EL Config]: metadata: 2021-02-24 09:43:33.308--ServerSession(2108763062)--Thread(Thread[main,5,main])--The source primary key column name for the many to many mapping [field categories] is being defaulted to: ID_PRODUCT.
[EL Config]: metadata: 2021-02-24 09:43:33.308--ServerSession(2108763062)--Thread(Thread[main,5,main])--The target primary key column name for the many to many mapping [field categories] is being defaulted to: ID_CATEGORY.
[EL Config]: metadata: 2021-02-24 09:43:33.308--ServerSession(2108763062)--Thread(Thread[main,5,main])--The primary key column name for the mapping element [field product] is being defaulted to: ID_PRODUCT.
[EL Config]: metadata: 2021-02-24 09:43:33.308--ServerSession(2108763062)--Thread(Thread[main,5,main])--The primary key column name for the mapping element [field order] is being defaulted to: ID_ORDER.
[EL Info]: 2021-02-24 09:43:33.433--ServerSession(2108763062)--Thread(Thread[main,5,main])--EclipseLink, version: Eclipse Persistence Services - 2.7.8.v20201217-ecdf3c32c4
[EL Fine]: connection: 2021-02-24 09:43:33.433--ServerSession(2108763062)--Connection(1151704483)--Thread(Thread[main,5,main])--connecting(DatabaseLogin(
	platform=&gt;DerbyPlatform
	user name=&gt; &quot;app&quot;
	datasource URL=&gt; &quot;jdbc:derby://localhost:1527/trabalho_01;create=true&quot;
))
[EL Config]: connection: 2021-02-24 09:43:33.558--ServerSession(2108763062)--Connection(885002305)--Thread(Thread[main,5,main])--Connected: jdbc:derby://localhost:1527/trabalho_01;create=true
	User: app
	Database: Apache Derby  Version: 10.14.2.0 - (1828579)
	Driver: Apache Derby Network Client JDBC Driver  Version: 10.14.2.0 - (1828579)
[EL Warning]: metadata: 2021-02-24 09:43:33.558--ServerSession(2108763062)--Thread(Thread[main,5,main])--Reverting the lazy setting on the OneToOne or ManyToOne attribute [order] for the entity class [class entities.Payment] since weaving was not enabled or did not occur.
[EL Warning]: metadata: 2021-02-24 09:43:33.558--ServerSession(2108763062)--Thread(Thread[main,5,main])--Reverting the lazy setting on the OneToOne or ManyToOne attribute [client] for the entity class [class entities.Order] since weaving was not enabled or did not occur.
[EL Warning]: metadata: 2021-02-24 09:43:33.558--ServerSession(2108763062)--Thread(Thread[main,5,main])--Reverting the lazy setting on the OneToOne or ManyToOne attribute [payment] for the entity class [class entities.Order] since weaving was not enabled or did not occur.
[EL Warning]: metadata: 2021-02-24 09:43:33.589--ServerSession(2108763062)--Thread(Thread[main,5,main])--Reverting the lazy setting on the OneToOne or ManyToOne attribute [product] for the entity class [class entities.pk.OrderItemPK] since weaving was not enabled or did not occur.
[EL Warning]: metadata: 2021-02-24 09:43:33.589--ServerSession(2108763062)--Thread(Thread[main,5,main])--Reverting the lazy setting on the OneToOne or ManyToOne attribute [order] for the entity class [class entities.pk.OrderItemPK] since weaving was not enabled or did not occur.
[EL Fine]: connection: 2021-02-24 09:43:33.589--ServerSession(2108763062)--Thread(Thread[main,5,main])--/file:/C:/Users/eletr/Desktop/trabalho_01/target/classes/_trabalho_01 login successful
[EL Config]: metadata: 2021-02-24 09:43:33.605--Thread(Thread[main,5,main])--The default table generator could not locate or convert a java type (null) into a database type for database field (TB_USER.ID_USER). The generator uses &quot;java.lang.String&quot; as default java type for the field.
[EL Config]: metadata: 2021-02-24 09:43:33.605--Thread(Thread[main,5,main])--The default table generator could not locate or convert a java type (null) into a database type for database field (TB_CLIENT.ID_USER). The generator uses &quot;java.lang.String&quot; as default java type for the field.
[EL Fine]: sql: 2021-02-24 09:43:33.605--ServerSession(2108763062)--Connection(885002305)--Thread(Thread[main,5,main])--ALTER TABLE TB_ORDER DROP CONSTRAINT TB_ORDER_ID_CLIENT
[EL Fine]: sql: 2021-02-24 09:43:33.683--ServerSession(2108763062)--Connection(885002305)--Thread(Thread[main,5,main])--ALTER TABLE TB_ORDER DROP CONSTRAINT TB_ORDERID_PAYMENT
[EL Fine]: sql: 2021-02-24 09:43:33.779--ServerSession(2108763062)--Connection(885002305)--Thread(Thread[main,5,main])--ALTER TABLE TB_ORDER_ITEM DROP CONSTRAINT TBORDERITEMIDORDER
[EL Fine]: sql: 2021-02-24 09:43:33.841--ServerSession(2108763062)--Connection(885002305)--Thread(Thread[main,5,main])--ALTER TABLE TB_ORDER_ITEM DROP CONSTRAINT TBRDERITEMDPRODUCT
[EL Fine]: sql: 2021-02-24 09:43:33.935--ServerSession(2108763062)--Connection(885002305)--Thread(Thread[main,5,main])--ALTER TABLE TB_CLIENT DROP CONSTRAINT TB_CLIENT_ID_USER
[EL Fine]: sql: 2021-02-24 09:43:33.935--ServerSession(2108763062)--Thread(Thread[main,5,main])--VALUES(1)
[EL Warning]: 2021-02-24 09:43:33.951--ServerSession(2108763062)--Thread(Thread[main,5,main])--Exception [EclipseLink-4002] (Eclipse Persistence Services - 2.7.8.v20201217-ecdf3c32c4): org.eclipse.persistence.exceptions.DatabaseException
Internal Exception: java.sql.SQLSyntaxErrorException: ALTER TABLE falhou. Não existe a restrição &apos;APP.TB_CLIENT_ID_USER&apos; na tabela &apos;&quot;APP&quot;.&quot;TB_CLIENT&quot;&apos;.
Error Code: 30000
Call: ALTER TABLE TB_CLIENT DROP CONSTRAINT TB_CLIENT_ID_USER
Query: DataModifyQuery(sql=&quot;ALTER TABLE TB_CLIENT DROP CONSTRAINT TB_CLIENT_ID_USER&quot;)
[EL Fine]: sql: 2021-02-24 09:43:33.951--ServerSession(2108763062)--Connection(885002305)--Thread(Thread[main,5,main])--ALTER TABLE TB_PRODUCT_CATEGORY DROP CONSTRAINT TBPRDCTCTGRYDPRDCT
[EL Fine]: sql: 2021-02-24 09:43:34.029--ServerSession(2108763062)--Connection(885002305)--Thread(Thread[main,5,main])--ALTER TABLE TB_PRODUCT_CATEGORY DROP CONSTRAINT TBPRDCTCTGRYDCTGRY
[EL Fine]: sql: 2021-02-24 09:43:34.091--ServerSession(2108763062)--Connection(885002305)--Thread(Thread[main,5,main])--DROP TABLE TB_ORDER
[EL Fine]: sql: 2021-02-24 09:43:34.185--ServerSession(2108763062)--Connection(885002305)--Thread(Thread[main,5,main])--DROP TABLE TB_PAYMENT
[EL Fine]: sql: 2021-02-24 09:43:34.295--ServerSession(2108763062)--Connection(885002305)--Thread(Thread[main,5,main])--DROP TABLE TB_ORDER_ITEM
[EL Fine]: sql: 2021-02-24 09:43:34.373--ServerSession(2108763062)--Connection(885002305)--Thread(Thread[main,5,main])--DROP TABLE TB_USER
[EL Fine]: sql: 2021-02-24 09:43:34.451--ServerSession(2108763062)--Connection(885002305)--Thread(Thread[main,5,main])--DROP TABLE TB_CLIENT
[EL Fine]: sql: 2021-02-24 09:43:34.545--ServerSession(2108763062)--Connection(885002305)--Thread(Thread[main,5,main])--DROP TABLE TB_PRODUCT
[EL Fine]: sql: 2021-02-24 09:43:34.654--ServerSession(2108763062)--Connection(885002305)--Thread(Thread[main,5,main])--DROP TABLE TB_CATEGORY
[EL Fine]: sql: 2021-02-24 09:43:34.81--ServerSession(2108763062)--Connection(885002305)--Thread(Thread[main,5,main])--DROP TABLE TB_PRODUCT_CATEGORY
[EL Config]: metadata: 2021-02-24 09:43:34.951--Thread(Thread[main,5,main])--The default table generator could not locate or convert a java type (null) into a database type for database field (TB_USER.ID_USER). The generator uses &quot;java.lang.String&quot; as default java type for the field.
[EL Config]: metadata: 2021-02-24 09:43:34.951--Thread(Thread[main,5,main])--The default table generator could not locate or convert a java type (null) into a database type for database field (TB_CLIENT.ID_USER). The generator uses &quot;java.lang.String&quot; as default java type for the field.
[EL Fine]: sql: 2021-02-24 09:43:34.951--ServerSession(2108763062)--Connection(885002305)--Thread(Thread[main,5,main])--CREATE TABLE TB_ORDER (ID_ORDER BIGINT GENERATED BY DEFAULT AS IDENTITY NOT NULL, MOMENT VARCHAR(20) NOT NULL, ORDER_STATUS INTEGER NOT NULL, ID_CLIENT BIGINT, ID_PAYMENT BIGINT, PRIMARY KEY (ID_ORDER))
[EL Fine]: sql: 2021-02-24 09:43:35.138--ServerSession(2108763062)--Connection(885002305)--Thread(Thread[main,5,main])--CREATE TABLE TB_PAYMENT (ID BIGINT GENERATED BY DEFAULT AS IDENTITY NOT NULL, MOMENT VARCHAR(20) NOT NULL, PRIMARY KEY (ID))
[EL Fine]: sql: 2021-02-24 09:43:35.245--ServerSession(2108763062)--Connection(885002305)--Thread(Thread[main,5,main])--CREATE TABLE TB_ORDER_ITEM (ID_ORDER_ITEM BIGINT GENERATED BY DEFAULT AS IDENTITY NOT NULL, PRICE FLOAT NOT NULL, QUANTITY INTEGER NOT NULL, ID_ORDER BIGINT, ID_PRODUCT BIGINT, PRIMARY KEY (ID_ORDER_ITEM))
[EL Fine]: sql: 2021-02-24 09:43:35.385--ServerSession(2108763062)--Connection(885002305)--Thread(Thread[main,5,main])--CREATE TABLE TB_USER (ID BIGINT GENERATED BY DEFAULT AS IDENTITY NOT NULL, TYPE_USER VARCHAR(1), EMAIL VARCHAR(40) NOT NULL, NAME VARCHAR(150) NOT NULL, PASSWORD VARCHAR(20) NOT NULL, PHONE VARCHAR(20) NOT NULL, ID_USER VARCHAR(255), PRIMARY KEY (ID))
[EL Fine]: sql: 2021-02-24 09:43:35.482--ServerSession(2108763062)--Connection(885002305)--Thread(Thread[main,5,main])--CREATE TABLE TB_CLIENT (ID_USER VARCHAR(255) NOT NULL, PRIMARY KEY (ID_USER))
[EL Fine]: sql: 2021-02-24 09:43:35.591--ServerSession(2108763062)--Connection(885002305)--Thread(Thread[main,5,main])--CREATE TABLE TB_PRODUCT (ID_PRODUCT BIGINT GENERATED BY DEFAULT AS IDENTITY NOT NULL, DESCRIPTION VARCHAR(150) NOT NULL, IMGURL VARCHAR(20) NOT NULL, NAME VARCHAR(25) NOT NULL, PRICE FLOAT NOT NULL, PRIMARY KEY (ID_PRODUCT))
[EL Fine]: sql: 2021-02-24 09:43:35.701--ServerSession(2108763062)--Connection(885002305)--Thread(Thread[main,5,main])--CREATE TABLE TB_CATEGORY (ID_CATEGORY BIGINT GENERATED BY DEFAULT AS IDENTITY NOT NULL, NAME VARCHAR(100) NOT NULL, PRIMARY KEY (ID_CATEGORY))
[EL Fine]: sql: 2021-02-24 09:43:35.904--ServerSession(2108763062)--Connection(885002305)--Thread(Thread[main,5,main])--CREATE TABLE TB_PRODUCT_CATEGORY (ID_PRODUCT BIGINT NOT NULL, ID_CATEGORY BIGINT NOT NULL, PRIMARY KEY (ID_PRODUCT, ID_CATEGORY))
[EL Fine]: sql: 2021-02-24 09:43:36.123--ServerSession(2108763062)--Connection(885002305)--Thread(Thread[main,5,main])--ALTER TABLE TB_ORDER ADD CONSTRAINT TB_ORDER_ID_CLIENT FOREIGN KEY (ID_CLIENT) REFERENCES TB_USER (ID)
[EL Fine]: sql: 2021-02-24 09:43:36.232--ServerSession(2108763062)--Connection(885002305)--Thread(Thread[main,5,main])--ALTER TABLE TB_ORDER ADD CONSTRAINT TB_ORDERID_PAYMENT FOREIGN KEY (ID_PAYMENT) REFERENCES TB_PAYMENT (ID)
[EL Fine]: sql: 2021-02-24 09:43:36.341--ServerSession(2108763062)--Connection(885002305)--Thread(Thread[main,5,main])--ALTER TABLE TB_ORDER_ITEM ADD CONSTRAINT TBORDERITEMIDORDER FOREIGN KEY (ID_ORDER) REFERENCES TB_ORDER (ID_ORDER)
[EL Fine]: sql: 2021-02-24 09:43:36.451--ServerSession(2108763062)--Connection(885002305)--Thread(Thread[main,5,main])--ALTER TABLE TB_ORDER_ITEM ADD CONSTRAINT TBRDERITEMDPRODUCT FOREIGN KEY (ID_PRODUCT) REFERENCES TB_PRODUCT (ID_PRODUCT)
[EL Fine]: sql: 2021-02-24 09:43:36.56--ServerSession(2108763062)--Connection(885002305)--Thread(Thread[main,5,main])--ALTER TABLE TB_CLIENT ADD CONSTRAINT TB_CLIENT_ID_USER FOREIGN KEY (ID_USER) REFERENCES TB_USER (ID_USER)
[EL Fine]: sql: 2021-02-24 09:43:36.576--ServerSession(2108763062)--Thread(Thread[main,5,main])--VALUES(1)
[EL Warning]: 2021-02-24 09:43:36.576--ServerSession(2108763062)--Thread(Thread[main,5,main])--Exception [EclipseLink-4002] (Eclipse Persistence Services - 2.7.8.v20201217-ecdf3c32c4): org.eclipse.persistence.exceptions.DatabaseException
Internal Exception: java.sql.SQLTransactionRollbackException: A restrição &apos;TB_CLIENT_ID_USER&apos; não é válida: não há nenhuma restrição de chave primária ou exclusiva na tabela &apos;&quot;APP&quot;.&quot;TB_USER&quot;&apos; que corresponda ao número e aos tipos de colunas na chave estrangeira.
Error Code: 30000
Call: ALTER TABLE TB_CLIENT ADD CONSTRAINT TB_CLIENT_ID_USER FOREIGN KEY (ID_USER) REFERENCES TB_USER (ID_USER)
Query: DataModifyQuery(sql=&quot;ALTER TABLE TB_CLIENT ADD CONSTRAINT TB_CLIENT_ID_USER FOREIGN KEY (ID_USER) REFERENCES TB_USER (ID_USER)&quot;)
[EL Fine]: sql: 2021-02-24 09:43:36.576--ServerSession(2108763062)--Connection(885002305)--Thread(Thread[main,5,main])--ALTER TABLE TB_PRODUCT_CATEGORY ADD CONSTRAINT TBPRDCTCTGRYDPRDCT FOREIGN KEY (ID_PRODUCT) REFERENCES TB_PRODUCT (ID_PRODUCT)
[EL Fine]: sql: 2021-02-24 09:43:36.685--ServerSession(2108763062)--Connection(885002305)--Thread(Thread[main,5,main])--ALTER TABLE TB_PRODUCT_CATEGORY ADD CONSTRAINT TBPRDCTCTGRYDCTGRY FOREIGN KEY (ID_CATEGORY) REFERENCES TB_CATEGORY (ID_CATEGORY)
[EL Fine]: sql: 2021-02-24 09:43:37.216--ClientSession(1129869771)--Connection(885002305)--Thread(Thread[main,5,main])--INSERT INTO TB_USER (EMAIL, NAME, PASSWORD, PHONE, TYPE_USER) VALUES (?, ?, ?, ?, ?)
	bind =&gt; [leo@gmail.com, Leonardo Luiz, 123965, 963258, User]
[EL Fine]: sql: 2021-02-24 09:43:37.216--ClientSession(1129869771)--Thread(Thread[main,5,main])--VALUES(1)
[EL Warning]: 2021-02-24 09:43:37.216--UnitOfWork(1659515968)--Thread(Thread[main,5,main])--Exception [EclipseLink-4002] (Eclipse Persistence Services - 2.7.8.v20201217-ecdf3c32c4): org.eclipse.persistence.exceptions.DatabaseException
Internal Exception: java.sql.SQLDataException: Foi encontrado um erro de truncamento ao tentar reduzir VARCHAR &apos;User&apos; para o comprimento 1.
Error Code: 20000
Call: INSERT INTO TB_USER (EMAIL, NAME, PASSWORD, PHONE, TYPE_USER) VALUES (?, ?, ?, ?, ?)
	bind =&gt; [leo@gmail.com, Leonardo Luiz, 123965, 963258, User]
Query: InsertObjectQuery(entities.User@1f)
</system-out>
    <system-err>SLF4J: Failed to load class &quot;org.slf4j.impl.StaticLoggerBinder&quot;.
SLF4J: Defaulting to no-operation (NOP) logger implementation
SLF4J: See http://www.slf4j.org/codes.html#StaticLoggerBinder for further details.
</system-err>
  </testcase>
  <testcase classname="trabalho.UserTeste" name="consultarUsuario" time="0.016">
    <error type="java.lang.NullPointerException">java.lang.NullPointerException
	at trabalho.UserTeste.consultarUsuario(UserTeste.java:36)
	at java.base/jdk.internal.reflect.NativeMethodAccessorImpl.invoke0(Native Method)
	at java.base/jdk.internal.reflect.NativeMethodAccessorImpl.invoke(NativeMethodAccessorImpl.java:62)
	at java.base/jdk.internal.reflect.DelegatingMethodAccessorImpl.invoke(DelegatingMethodAccessorImpl.java:43)
	at java.base/java.lang.reflect.Method.invoke(Method.java:566)
	at org.junit.runners.model.FrameworkMethod$1.runReflectiveCall(FrameworkMethod.java:59)
	at org.junit.internal.runners.model.ReflectiveCallable.run(ReflectiveCallable.java:12)
	at org.junit.runners.model.FrameworkMethod.invokeExplosively(FrameworkMethod.java:56)
	at org.junit.internal.runners.statements.InvokeMethod.evaluate(InvokeMethod.java:17)
	at org.junit.internal.runners.statements.RunBefores.evaluate(RunBefores.java:26)
	at org.junit.internal.runners.statements.RunAfters.evaluate(RunAfters.java:27)
	at org.junit.runners.ParentRunner$3.evaluate(ParentRunner.java:306)
	at org.junit.runners.BlockJUnit4ClassRunner$1.evaluate(BlockJUnit4ClassRunner.java:100)
	at org.junit.runners.ParentRunner.runLeaf(ParentRunner.java:366)
	at org.junit.runners.BlockJUnit4ClassRunner.runChild(BlockJUnit4ClassRunner.java:103)
	at org.junit.runners.BlockJUnit4ClassRunner.runChild(BlockJUnit4ClassRunner.java:63)
	at org.junit.runners.ParentRunner$4.run(ParentRunner.java:331)
	at org.junit.runners.ParentRunner$1.schedule(ParentRunner.java:79)
	at org.junit.runners.ParentRunner.runChildren(ParentRunner.java:329)
	at org.junit.runners.ParentRunner.access$100(ParentRunner.java:66)
	at org.junit.runners.ParentRunner$2.evaluate(ParentRunner.java:293)
	at org.junit.internal.runners.statements.RunBefores.evaluate(RunBefores.java:26)
	at org.junit.internal.runners.statements.RunAfters.evaluate(RunAfters.java:27)
	at org.junit.runners.ParentRunner$3.evaluate(ParentRunner.java:306)
	at org.junit.runners.ParentRunner.run(ParentRunner.java:413)
	at org.apache.maven.surefire.junit4.JUnit4Provider.execute(JUnit4Provider.java:252)
	at org.apache.maven.surefire.junit4.JUnit4Provider.executeTestSet(JUnit4Provider.java:141)
	at org.apache.maven.surefire.junit4.JUnit4Provider.invoke(JUnit4Provider.java:112)
	at java.base/jdk.internal.reflect.NativeMethodAccessorImpl.invoke0(Native Method)
	at java.base/jdk.internal.reflect.NativeMethodAccessorImpl.invoke(NativeMethodAccessorImpl.java:62)
	at java.base/jdk.internal.reflect.DelegatingMethodAccessorImpl.invoke(DelegatingMethodAccessorImpl.java:43)
	at java.base/java.lang.reflect.Method.invoke(Method.java:566)
	at org.apache.maven.surefire.util.ReflectionUtils.invokeMethodWithArray(ReflectionUtils.java:189)
	at org.apache.maven.surefire.booter.ProviderFactory$ProviderProxy.invoke(ProviderFactory.java:165)
	at org.apache.maven.surefire.booter.ProviderFactory.invokeProvider(ProviderFactory.java:85)
	at org.apache.maven.surefire.booter.ForkedBooter.runSuitesInProcess(ForkedBooter.java:115)
	at org.apache.maven.surefire.booter.ForkedBooter.main(ForkedBooter.java:75)
</error>
    <system-out>[EL Fine]: connection: 2021-02-24 09:43:37.232--ServerSession(2108763062)--Connection(1637613097)--Thread(Thread[main,5,main])--connecting(DatabaseLogin(
	platform=&gt;DerbyPlatform
	user name=&gt; &quot;app&quot;
	datasource URL=&gt; &quot;jdbc:derby://localhost:1527/trabalho_01;create=true&quot;
))
[EL Config]: connection: 2021-02-24 09:43:37.248--ServerSession(2108763062)--Connection(1527086220)--Thread(Thread[main,5,main])--Connected: jdbc:derby://localhost:1527/trabalho_01;create=true
	User: app
	Database: Apache Derby  Version: 10.14.2.0 - (1828579)
	Driver: Apache Derby Network Client JDBC Driver  Version: 10.14.2.0 - (1828579)
[EL Fine]: sql: 2021-02-24 09:43:37.248--ServerSession(2108763062)--Connection(1527086220)--Thread(Thread[main,5,main])--SELECT DISTINCT TYPE_USER FROM TB_USER WHERE (ID = ?)
	bind =&gt; [3]
</system-out>
  </testcase>
</testsuite>